<?xml version="1.0" encoding="UTF-8"?>
<testsuite xmlns:xsi="http://www.w3.org/2001/XMLSchema-instance" xsi:noNamespaceSchemaLocation="https://maven.apache.org/surefire/maven-surefire-plugin/xsd/surefire-test-report.xsd" name="ru.akozlovskiy.library.controller.AuthorControllerTest" time="7.644" tests="3" errors="0" skipped="0" failures="0">
  <properties>
    <property name="sun.desktop" value="windows"/>
    <property name="awt.toolkit" value="sun.awt.windows.WToolkit"/>
    <property name="file.encoding.pkg" value="sun.io"/>
    <property name="java.specification.version" value="1.8"/>
    <property name="sun.cpu.isalist" value="amd64"/>
    <property name="sun.jnu.encoding" value="Cp1251"/>
    <property name="java.class.path" value="C:\workspace\2019-08-otus-spring-akozlovskiy\docker_test\library\target\test-classes;C:\workspace\2019-08-otus-spring-akozlovskiy\docker_test\library\target\classes;C:\FOR_DEV\MavenLocalRepozitory\org\springframework\cloud\spring-cloud-config-client\2.2.0.RELEASE\spring-cloud-config-client-2.2.0.RELEASE.jar;C:\FOR_DEV\MavenLocalRepozitory\org\springframework\boot\spring-boot-autoconfigure\2.2.1.RELEASE\spring-boot-autoconfigure-2.2.1.RELEASE.jar;C:\FOR_DEV\MavenLocalRepozitory\org\springframework\boot\spring-boot\2.2.1.RELEASE\spring-boot-2.2.1.RELEASE.jar;C:\FOR_DEV\MavenLocalRepozitory\org\springframework\cloud\spring-cloud-commons\2.2.0.RELEASE\spring-cloud-commons-2.2.0.RELEASE.jar;C:\FOR_DEV\MavenLocalRepozitory\org\springframework\security\spring-security-crypto\5.2.1.RELEASE\spring-security-crypto-5.2.1.RELEASE.jar;C:\FOR_DEV\MavenLocalRepozitory\org\springframework\cloud\spring-cloud-context\2.2.0.RELEASE\spring-cloud-context-2.2.0.RELEASE.jar;C:\FOR_DEV\MavenLocalRepozitory\org\springframework\spring-web\5.2.1.RELEASE\spring-web-5.2.1.RELEASE.jar;C:\FOR_DEV\MavenLocalRepozitory\com\fasterxml\jackson\core\jackson-databind\2.10.0\jackson-databind-2.10.0.jar;C:\FOR_DEV\MavenLocalRepozitory\com\fasterxml\jackson\core\jackson-core\2.10.0\jackson-core-2.10.0.jar;C:\FOR_DEV\MavenLocalRepozitory\com\fasterxml\jackson\core\jackson-annotations\2.10.0\jackson-annotations-2.10.0.jar;C:\FOR_DEV\MavenLocalRepozitory\org\projectlombok\lombok\1.18.10\lombok-1.18.10.jar;C:\FOR_DEV\MavenLocalRepozitory\org\springframework\boot\spring-boot-starter-amqp\2.2.1.RELEASE\spring-boot-starter-amqp-2.2.1.RELEASE.jar;C:\FOR_DEV\MavenLocalRepozitory\org\springframework\boot\spring-boot-starter\2.2.1.RELEASE\spring-boot-starter-2.2.1.RELEASE.jar;C:\FOR_DEV\MavenLocalRepozitory\org\springframework\boot\spring-boot-starter-logging\2.2.1.RELEASE\spring-boot-starter-logging-2.2.1.RELEASE.jar;C:\FOR_DEV\MavenLocalRepozitory\ch\qos\logback\logback-classic\1.2.3\logback-classic-1.2.3.jar;C:\FOR_DEV\MavenLocalRepozitory\ch\qos\logback\logback-core\1.2.3\logback-core-1.2.3.jar;C:\FOR_DEV\MavenLocalRepozitory\org\apache\logging\log4j\log4j-to-slf4j\2.12.1\log4j-to-slf4j-2.12.1.jar;C:\FOR_DEV\MavenLocalRepozitory\org\apache\logging\log4j\log4j-api\2.12.1\log4j-api-2.12.1.jar;C:\FOR_DEV\MavenLocalRepozitory\org\slf4j\jul-to-slf4j\1.7.29\jul-to-slf4j-1.7.29.jar;C:\FOR_DEV\MavenLocalRepozitory\jakarta\annotation\jakarta.annotation-api\1.3.5\jakarta.annotation-api-1.3.5.jar;C:\FOR_DEV\MavenLocalRepozitory\org\springframework\spring-messaging\5.2.1.RELEASE\spring-messaging-5.2.1.RELEASE.jar;C:\FOR_DEV\MavenLocalRepozitory\org\springframework\amqp\spring-rabbit\2.2.1.RELEASE\spring-rabbit-2.2.1.RELEASE.jar;C:\FOR_DEV\MavenLocalRepozitory\com\rabbitmq\amqp-client\5.7.3\amqp-client-5.7.3.jar;C:\FOR_DEV\MavenLocalRepozitory\org\springframework\amqp\spring-amqp\2.2.1.RELEASE\spring-amqp-2.2.1.RELEASE.jar;C:\FOR_DEV\MavenLocalRepozitory\org\springframework\retry\spring-retry\1.2.4.RELEASE\spring-retry-1.2.4.RELEASE.jar;C:\FOR_DEV\MavenLocalRepozitory\org\springframework\spring-tx\5.2.1.RELEASE\spring-tx-5.2.1.RELEASE.jar;C:\FOR_DEV\MavenLocalRepozitory\org\springframework\boot\spring-boot-starter-actuator\2.2.1.RELEASE\spring-boot-starter-actuator-2.2.1.RELEASE.jar;C:\FOR_DEV\MavenLocalRepozitory\org\springframework\boot\spring-boot-actuator-autoconfigure\2.2.1.RELEASE\spring-boot-actuator-autoconfigure-2.2.1.RELEASE.jar;C:\FOR_DEV\MavenLocalRepozitory\org\springframework\boot\spring-boot-actuator\2.2.1.RELEASE\spring-boot-actuator-2.2.1.RELEASE.jar;C:\FOR_DEV\MavenLocalRepozitory\com\fasterxml\jackson\datatype\jackson-datatype-jsr310\2.10.0\jackson-datatype-jsr310-2.10.0.jar;C:\FOR_DEV\MavenLocalRepozitory\io\micrometer\micrometer-core\1.3.1\micrometer-core-1.3.1.jar;C:\FOR_DEV\MavenLocalRepozitory\org\hdrhistogram\HdrHistogram\2.1.11\HdrHistogram-2.1.11.jar;C:\FOR_DEV\MavenLocalRepozitory\org\latencyutils\LatencyUtils\2.0.3\LatencyUtils-2.0.3.jar;C:\FOR_DEV\MavenLocalRepozitory\org\springframework\boot\spring-boot-starter-security\2.2.1.RELEASE\spring-boot-starter-security-2.2.1.RELEASE.jar;C:\FOR_DEV\MavenLocalRepozitory\org\springframework\spring-aop\5.2.1.RELEASE\spring-aop-5.2.1.RELEASE.jar;C:\FOR_DEV\MavenLocalRepozitory\org\springframework\security\spring-security-config\5.2.1.RELEASE\spring-security-config-5.2.1.RELEASE.jar;C:\FOR_DEV\MavenLocalRepozitory\org\springframework\boot\spring-boot-starter-thymeleaf\2.2.1.RELEASE\spring-boot-starter-thymeleaf-2.2.1.RELEASE.jar;C:\FOR_DEV\MavenLocalRepozitory\org\thymeleaf\thymeleaf-spring5\3.0.11.RELEASE\thymeleaf-spring5-3.0.11.RELEASE.jar;C:\FOR_DEV\MavenLocalRepozitory\org\thymeleaf\thymeleaf\3.0.11.RELEASE\thymeleaf-3.0.11.RELEASE.jar;C:\FOR_DEV\MavenLocalRepozitory\org\attoparser\attoparser\2.0.5.RELEASE\attoparser-2.0.5.RELEASE.jar;C:\FOR_DEV\MavenLocalRepozitory\org\unbescape\unbescape\1.1.6.RELEASE\unbescape-1.1.6.RELEASE.jar;C:\FOR_DEV\MavenLocalRepozitory\org\thymeleaf\extras\thymeleaf-extras-java8time\3.0.4.RELEASE\thymeleaf-extras-java8time-3.0.4.RELEASE.jar;C:\FOR_DEV\MavenLocalRepozitory\org\springframework\boot\spring-boot-starter-web\2.2.1.RELEASE\spring-boot-starter-web-2.2.1.RELEASE.jar;C:\FOR_DEV\MavenLocalRepozitory\org\springframework\boot\spring-boot-starter-json\2.2.1.RELEASE\spring-boot-starter-json-2.2.1.RELEASE.jar;C:\FOR_DEV\MavenLocalRepozitory\com\fasterxml\jackson\datatype\jackson-datatype-jdk8\2.10.0\jackson-datatype-jdk8-2.10.0.jar;C:\FOR_DEV\MavenLocalRepozitory\com\fasterxml\jackson\module\jackson-module-parameter-names\2.10.0\jackson-module-parameter-names-2.10.0.jar;C:\FOR_DEV\MavenLocalRepozitory\org\springframework\boot\spring-boot-starter-tomcat\2.2.1.RELEASE\spring-boot-starter-tomcat-2.2.1.RELEASE.jar;C:\FOR_DEV\MavenLocalRepozitory\org\apache\tomcat\embed\tomcat-embed-core\9.0.27\tomcat-embed-core-9.0.27.jar;C:\FOR_DEV\MavenLocalRepozitory\org\apache\tomcat\embed\tomcat-embed-el\9.0.27\tomcat-embed-el-9.0.27.jar;C:\FOR_DEV\MavenLocalRepozitory\org\apache\tomcat\embed\tomcat-embed-websocket\9.0.27\tomcat-embed-websocket-9.0.27.jar;C:\FOR_DEV\MavenLocalRepozitory\org\springframework\boot\spring-boot-starter-validation\2.2.1.RELEASE\spring-boot-starter-validation-2.2.1.RELEASE.jar;C:\FOR_DEV\MavenLocalRepozitory\jakarta\validation\jakarta.validation-api\2.0.1\jakarta.validation-api-2.0.1.jar;C:\FOR_DEV\MavenLocalRepozitory\org\hibernate\validator\hibernate-validator\6.0.18.Final\hibernate-validator-6.0.18.Final.jar;C:\FOR_DEV\MavenLocalRepozitory\org\springframework\spring-webmvc\5.2.1.RELEASE\spring-webmvc-5.2.1.RELEASE.jar;C:\FOR_DEV\MavenLocalRepozitory\org\springframework\boot\spring-boot-starter-data-jpa\2.2.1.RELEASE\spring-boot-starter-data-jpa-2.2.1.RELEASE.jar;C:\FOR_DEV\MavenLocalRepozitory\org\springframework\boot\spring-boot-starter-aop\2.2.1.RELEASE\spring-boot-starter-aop-2.2.1.RELEASE.jar;C:\FOR_DEV\MavenLocalRepozitory\org\aspectj\aspectjweaver\1.9.4\aspectjweaver-1.9.4.jar;C:\FOR_DEV\MavenLocalRepozitory\org\springframework\boot\spring-boot-starter-jdbc\2.2.1.RELEASE\spring-boot-starter-jdbc-2.2.1.RELEASE.jar;C:\FOR_DEV\MavenLocalRepozitory\com\zaxxer\HikariCP\3.4.1\HikariCP-3.4.1.jar;C:\FOR_DEV\MavenLocalRepozitory\org\springframework\spring-jdbc\5.2.1.RELEASE\spring-jdbc-5.2.1.RELEASE.jar;C:\FOR_DEV\MavenLocalRepozitory\jakarta\activation\jakarta.activation-api\1.2.1\jakarta.activation-api-1.2.1.jar;C:\FOR_DEV\MavenLocalRepozitory\jakarta\persistence\jakarta.persistence-api\2.2.3\jakarta.persistence-api-2.2.3.jar;C:\FOR_DEV\MavenLocalRepozitory\jakarta\transaction\jakarta.transaction-api\1.3.3\jakarta.transaction-api-1.3.3.jar;C:\FOR_DEV\MavenLocalRepozitory\org\hibernate\hibernate-core\5.4.8.Final\hibernate-core-5.4.8.Final.jar;C:\FOR_DEV\MavenLocalRepozitory\org\jboss\logging\jboss-logging\3.4.1.Final\jboss-logging-3.4.1.Final.jar;C:\FOR_DEV\MavenLocalRepozitory\org\javassist\javassist\3.24.0-GA\javassist-3.24.0-GA.jar;C:\FOR_DEV\MavenLocalRepozitory\net\bytebuddy\byte-buddy\1.10.2\byte-buddy-1.10.2.jar;C:\FOR_DEV\MavenLocalRepozitory\antlr\antlr\2.7.7\antlr-2.7.7.jar;C:\FOR_DEV\MavenLocalRepozitory\org\jboss\jandex\2.0.5.Final\jandex-2.0.5.Final.jar;C:\FOR_DEV\MavenLocalRepozitory\com\fasterxml\classmate\1.5.1\classmate-1.5.1.jar;C:\FOR_DEV\MavenLocalRepozitory\org\dom4j\dom4j\2.1.1\dom4j-2.1.1.jar;C:\FOR_DEV\MavenLocalRepozitory\org\hibernate\common\hibernate-commons-annotations\5.1.0.Final\hibernate-commons-annotations-5.1.0.Final.jar;C:\FOR_DEV\MavenLocalRepozitory\org\glassfish\jaxb\jaxb-runtime\2.3.2\jaxb-runtime-2.3.2.jar;C:\FOR_DEV\MavenLocalRepozitory\org\glassfish\jaxb\txw2\2.3.2\txw2-2.3.2.jar;C:\FOR_DEV\MavenLocalRepozitory\com\sun\istack\istack-commons-runtime\3.0.8\istack-commons-runtime-3.0.8.jar;C:\FOR_DEV\MavenLocalRepozitory\org\jvnet\staxex\stax-ex\1.8.1\stax-ex-1.8.1.jar;C:\FOR_DEV\MavenLocalRepozitory\com\sun\xml\fastinfoset\FastInfoset\1.2.16\FastInfoset-1.2.16.jar;C:\FOR_DEV\MavenLocalRepozitory\org\springframework\data\spring-data-jpa\2.2.1.RELEASE\spring-data-jpa-2.2.1.RELEASE.jar;C:\FOR_DEV\MavenLocalRepozitory\org\springframework\data\spring-data-commons\2.2.1.RELEASE\spring-data-commons-2.2.1.RELEASE.jar;C:\FOR_DEV\MavenLocalRepozitory\org\springframework\spring-orm\5.2.1.RELEASE\spring-orm-5.2.1.RELEASE.jar;C:\FOR_DEV\MavenLocalRepozitory\org\springframework\spring-aspects\5.2.1.RELEASE\spring-aspects-5.2.1.RELEASE.jar;C:\FOR_DEV\MavenLocalRepozitory\org\springframework\security\spring-security-web\5.2.1.RELEASE\spring-security-web-5.2.1.RELEASE.jar;C:\FOR_DEV\MavenLocalRepozitory\org\springframework\security\spring-security-core\5.2.1.RELEASE\spring-security-core-5.2.1.RELEASE.jar;C:\FOR_DEV\MavenLocalRepozitory\org\springframework\spring-beans\5.2.1.RELEASE\spring-beans-5.2.1.RELEASE.jar;C:\FOR_DEV\MavenLocalRepozitory\org\springframework\spring-context\5.2.1.RELEASE\spring-context-5.2.1.RELEASE.jar;C:\FOR_DEV\MavenLocalRepozitory\org\springframework\spring-core\5.2.1.RELEASE\spring-core-5.2.1.RELEASE.jar;C:\FOR_DEV\MavenLocalRepozitory\org\springframework\spring-jcl\5.2.1.RELEASE\spring-jcl-5.2.1.RELEASE.jar;C:\FOR_DEV\MavenLocalRepozitory\org\springframework\spring-expression\5.2.1.RELEASE\spring-expression-5.2.1.RELEASE.jar;C:\FOR_DEV\MavenLocalRepozitory\org\thymeleaf\extras\thymeleaf-extras-springsecurity5\3.0.4.RELEASE\thymeleaf-extras-springsecurity5-3.0.4.RELEASE.jar;C:\FOR_DEV\MavenLocalRepozitory\org\slf4j\slf4j-api\1.7.29\slf4j-api-1.7.29.jar;C:\FOR_DEV\MavenLocalRepozitory\com\h2database\h2\1.4.200\h2-1.4.200.jar;C:\FOR_DEV\MavenLocalRepozitory\org\springframework\boot\spring-boot-starter-test\2.2.1.RELEASE\spring-boot-starter-test-2.2.1.RELEASE.jar;C:\FOR_DEV\MavenLocalRepozitory\org\springframework\boot\spring-boot-test\2.2.1.RELEASE\spring-boot-test-2.2.1.RELEASE.jar;C:\FOR_DEV\MavenLocalRepozitory\org\springframework\boot\spring-boot-test-autoconfigure\2.2.1.RELEASE\spring-boot-test-autoconfigure-2.2.1.RELEASE.jar;C:\FOR_DEV\MavenLocalRepozitory\com\jayway\jsonpath\json-path\2.4.0\json-path-2.4.0.jar;C:\FOR_DEV\MavenLocalRepozitory\net\minidev\json-smart\2.3\json-smart-2.3.jar;C:\FOR_DEV\MavenLocalRepozitory\net\minidev\accessors-smart\1.2\accessors-smart-1.2.jar;C:\FOR_DEV\MavenLocalRepozitory\org\ow2\asm\asm\5.0.4\asm-5.0.4.jar;C:\FOR_DEV\MavenLocalRepozitory\jakarta\xml\bind\jakarta.xml.bind-api\2.3.2\jakarta.xml.bind-api-2.3.2.jar;C:\FOR_DEV\MavenLocalRepozitory\org\junit\jupiter\junit-jupiter\5.5.2\junit-jupiter-5.5.2.jar;C:\FOR_DEV\MavenLocalRepozitory\org\junit\jupiter\junit-jupiter-params\5.5.2\junit-jupiter-params-5.5.2.jar;C:\FOR_DEV\MavenLocalRepozitory\org\mockito\mockito-junit-jupiter\3.1.0\mockito-junit-jupiter-3.1.0.jar;C:\FOR_DEV\MavenLocalRepozitory\org\assertj\assertj-core\3.13.2\assertj-core-3.13.2.jar;C:\FOR_DEV\MavenLocalRepozitory\org\hamcrest\hamcrest\2.1\hamcrest-2.1.jar;C:\FOR_DEV\MavenLocalRepozitory\org\mockito\mockito-core\3.1.0\mockito-core-3.1.0.jar;C:\FOR_DEV\MavenLocalRepozitory\net\bytebuddy\byte-buddy-agent\1.10.2\byte-buddy-agent-1.10.2.jar;C:\FOR_DEV\MavenLocalRepozitory\org\objenesis\objenesis\2.6\objenesis-2.6.jar;C:\FOR_DEV\MavenLocalRepozitory\org\skyscreamer\jsonassert\1.5.0\jsonassert-1.5.0.jar;C:\FOR_DEV\MavenLocalRepozitory\com\vaadin\external\google\android-json\0.0.20131108.vaadin1\android-json-0.0.20131108.vaadin1.jar;C:\FOR_DEV\MavenLocalRepozitory\org\springframework\spring-test\5.2.1.RELEASE\spring-test-5.2.1.RELEASE.jar;C:\FOR_DEV\MavenLocalRepozitory\org\xmlunit\xmlunit-core\2.6.3\xmlunit-core-2.6.3.jar;C:\FOR_DEV\MavenLocalRepozitory\org\junit\jupiter\junit-jupiter-engine\5.5.2\junit-jupiter-engine-5.5.2.jar;C:\FOR_DEV\MavenLocalRepozitory\org\apiguardian\apiguardian-api\1.1.0\apiguardian-api-1.1.0.jar;C:\FOR_DEV\MavenLocalRepozitory\org\junit\platform\junit-platform-engine\1.5.2\junit-platform-engine-1.5.2.jar;C:\FOR_DEV\MavenLocalRepozitory\org\opentest4j\opentest4j\1.2.0\opentest4j-1.2.0.jar;C:\FOR_DEV\MavenLocalRepozitory\org\junit\platform\junit-platform-commons\1.5.2\junit-platform-commons-1.5.2.jar;C:\FOR_DEV\MavenLocalRepozitory\org\junit\jupiter\junit-jupiter-api\5.5.2\junit-jupiter-api-5.5.2.jar;C:\FOR_DEV\MavenLocalRepozitory\org\liquibase\liquibase-core\3.8.0\liquibase-core-3.8.0.jar;C:\FOR_DEV\MavenLocalRepozitory\org\yaml\snakeyaml\1.25\snakeyaml-1.25.jar;C:\FOR_DEV\MavenLocalRepozitory\org\springframework\security\spring-security-test\5.2.1.RELEASE\spring-security-test-5.2.1.RELEASE.jar;"/>
    <property name="java.vm.vendor" value="Oracle Corporation"/>
    <property name="sun.arch.data.model" value="64"/>
    <property name="user.variant" value=""/>
    <property name="java.vendor.url" value="http://java.oracle.com/"/>
    <property name="user.timezone" value="Europe/Moscow"/>
    <property name="java.vm.specification.version" value="1.8"/>
    <property name="os.name" value="Windows 10"/>
    <property name="user.country" value="RU"/>
    <property name="sun.java.launcher" value="SUN_STANDARD"/>
    <property name="sun.boot.library.path" value="C:\Program Files\Java\jdk1.8.0_191\jre\bin"/>
    <property name="sun.java.command" value="C:\Users\Lenovo\AppData\Local\Temp\surefire3129999901448569768\surefirebooter7561481731833909528.jar C:\Users\Lenovo\AppData\Local\Temp\surefire3129999901448569768 2020-06-16T18-27-31_138-jvmRun1 surefire9008111325771046338tmp surefire_0792758521090226605tmp"/>
    <property name="surefire.test.class.path" value="C:\workspace\2019-08-otus-spring-akozlovskiy\docker_test\library\target\test-classes;C:\workspace\2019-08-otus-spring-akozlovskiy\docker_test\library\target\classes;C:\FOR_DEV\MavenLocalRepozitory\org\springframework\cloud\spring-cloud-config-client\2.2.0.RELEASE\spring-cloud-config-client-2.2.0.RELEASE.jar;C:\FOR_DEV\MavenLocalRepozitory\org\springframework\boot\spring-boot-autoconfigure\2.2.1.RELEASE\spring-boot-autoconfigure-2.2.1.RELEASE.jar;C:\FOR_DEV\MavenLocalRepozitory\org\springframework\boot\spring-boot\2.2.1.RELEASE\spring-boot-2.2.1.RELEASE.jar;C:\FOR_DEV\MavenLocalRepozitory\org\springframework\cloud\spring-cloud-commons\2.2.0.RELEASE\spring-cloud-commons-2.2.0.RELEASE.jar;C:\FOR_DEV\MavenLocalRepozitory\org\springframework\security\spring-security-crypto\5.2.1.RELEASE\spring-security-crypto-5.2.1.RELEASE.jar;C:\FOR_DEV\MavenLocalRepozitory\org\springframework\cloud\spring-cloud-context\2.2.0.RELEASE\spring-cloud-context-2.2.0.RELEASE.jar;C:\FOR_DEV\MavenLocalRepozitory\org\springframework\spring-web\5.2.1.RELEASE\spring-web-5.2.1.RELEASE.jar;C:\FOR_DEV\MavenLocalRepozitory\com\fasterxml\jackson\core\jackson-databind\2.10.0\jackson-databind-2.10.0.jar;C:\FOR_DEV\MavenLocalRepozitory\com\fasterxml\jackson\core\jackson-core\2.10.0\jackson-core-2.10.0.jar;C:\FOR_DEV\MavenLocalRepozitory\com\fasterxml\jackson\core\jackson-annotations\2.10.0\jackson-annotations-2.10.0.jar;C:\FOR_DEV\MavenLocalRepozitory\org\projectlombok\lombok\1.18.10\lombok-1.18.10.jar;C:\FOR_DEV\MavenLocalRepozitory\org\springframework\boot\spring-boot-starter-amqp\2.2.1.RELEASE\spring-boot-starter-amqp-2.2.1.RELEASE.jar;C:\FOR_DEV\MavenLocalRepozitory\org\springframework\boot\spring-boot-starter\2.2.1.RELEASE\spring-boot-starter-2.2.1.RELEASE.jar;C:\FOR_DEV\MavenLocalRepozitory\org\springframework\boot\spring-boot-starter-logging\2.2.1.RELEASE\spring-boot-starter-logging-2.2.1.RELEASE.jar;C:\FOR_DEV\MavenLocalRepozitory\ch\qos\logback\logback-classic\1.2.3\logback-classic-1.2.3.jar;C:\FOR_DEV\MavenLocalRepozitory\ch\qos\logback\logback-core\1.2.3\logback-core-1.2.3.jar;C:\FOR_DEV\MavenLocalRepozitory\org\apache\logging\log4j\log4j-to-slf4j\2.12.1\log4j-to-slf4j-2.12.1.jar;C:\FOR_DEV\MavenLocalRepozitory\org\apache\logging\log4j\log4j-api\2.12.1\log4j-api-2.12.1.jar;C:\FOR_DEV\MavenLocalRepozitory\org\slf4j\jul-to-slf4j\1.7.29\jul-to-slf4j-1.7.29.jar;C:\FOR_DEV\MavenLocalRepozitory\jakarta\annotation\jakarta.annotation-api\1.3.5\jakarta.annotation-api-1.3.5.jar;C:\FOR_DEV\MavenLocalRepozitory\org\springframework\spring-messaging\5.2.1.RELEASE\spring-messaging-5.2.1.RELEASE.jar;C:\FOR_DEV\MavenLocalRepozitory\org\springframework\amqp\spring-rabbit\2.2.1.RELEASE\spring-rabbit-2.2.1.RELEASE.jar;C:\FOR_DEV\MavenLocalRepozitory\com\rabbitmq\amqp-client\5.7.3\amqp-client-5.7.3.jar;C:\FOR_DEV\MavenLocalRepozitory\org\springframework\amqp\spring-amqp\2.2.1.RELEASE\spring-amqp-2.2.1.RELEASE.jar;C:\FOR_DEV\MavenLocalRepozitory\org\springframework\retry\spring-retry\1.2.4.RELEASE\spring-retry-1.2.4.RELEASE.jar;C:\FOR_DEV\MavenLocalRepozitory\org\springframework\spring-tx\5.2.1.RELEASE\spring-tx-5.2.1.RELEASE.jar;C:\FOR_DEV\MavenLocalRepozitory\org\springframework\boot\spring-boot-starter-actuator\2.2.1.RELEASE\spring-boot-starter-actuator-2.2.1.RELEASE.jar;C:\FOR_DEV\MavenLocalRepozitory\org\springframework\boot\spring-boot-actuator-autoconfigure\2.2.1.RELEASE\spring-boot-actuator-autoconfigure-2.2.1.RELEASE.jar;C:\FOR_DEV\MavenLocalRepozitory\org\springframework\boot\spring-boot-actuator\2.2.1.RELEASE\spring-boot-actuator-2.2.1.RELEASE.jar;C:\FOR_DEV\MavenLocalRepozitory\com\fasterxml\jackson\datatype\jackson-datatype-jsr310\2.10.0\jackson-datatype-jsr310-2.10.0.jar;C:\FOR_DEV\MavenLocalRepozitory\io\micrometer\micrometer-core\1.3.1\micrometer-core-1.3.1.jar;C:\FOR_DEV\MavenLocalRepozitory\org\hdrhistogram\HdrHistogram\2.1.11\HdrHistogram-2.1.11.jar;C:\FOR_DEV\MavenLocalRepozitory\org\latencyutils\LatencyUtils\2.0.3\LatencyUtils-2.0.3.jar;C:\FOR_DEV\MavenLocalRepozitory\org\springframework\boot\spring-boot-starter-security\2.2.1.RELEASE\spring-boot-starter-security-2.2.1.RELEASE.jar;C:\FOR_DEV\MavenLocalRepozitory\org\springframework\spring-aop\5.2.1.RELEASE\spring-aop-5.2.1.RELEASE.jar;C:\FOR_DEV\MavenLocalRepozitory\org\springframework\security\spring-security-config\5.2.1.RELEASE\spring-security-config-5.2.1.RELEASE.jar;C:\FOR_DEV\MavenLocalRepozitory\org\springframework\boot\spring-boot-starter-thymeleaf\2.2.1.RELEASE\spring-boot-starter-thymeleaf-2.2.1.RELEASE.jar;C:\FOR_DEV\MavenLocalRepozitory\org\thymeleaf\thymeleaf-spring5\3.0.11.RELEASE\thymeleaf-spring5-3.0.11.RELEASE.jar;C:\FOR_DEV\MavenLocalRepozitory\org\thymeleaf\thymeleaf\3.0.11.RELEASE\thymeleaf-3.0.11.RELEASE.jar;C:\FOR_DEV\MavenLocalRepozitory\org\attoparser\attoparser\2.0.5.RELEASE\attoparser-2.0.5.RELEASE.jar;C:\FOR_DEV\MavenLocalRepozitory\org\unbescape\unbescape\1.1.6.RELEASE\unbescape-1.1.6.RELEASE.jar;C:\FOR_DEV\MavenLocalRepozitory\org\thymeleaf\extras\thymeleaf-extras-java8time\3.0.4.RELEASE\thymeleaf-extras-java8time-3.0.4.RELEASE.jar;C:\FOR_DEV\MavenLocalRepozitory\org\springframework\boot\spring-boot-starter-web\2.2.1.RELEASE\spring-boot-starter-web-2.2.1.RELEASE.jar;C:\FOR_DEV\MavenLocalRepozitory\org\springframework\boot\spring-boot-starter-json\2.2.1.RELEASE\spring-boot-starter-json-2.2.1.RELEASE.jar;C:\FOR_DEV\MavenLocalRepozitory\com\fasterxml\jackson\datatype\jackson-datatype-jdk8\2.10.0\jackson-datatype-jdk8-2.10.0.jar;C:\FOR_DEV\MavenLocalRepozitory\com\fasterxml\jackson\module\jackson-module-parameter-names\2.10.0\jackson-module-parameter-names-2.10.0.jar;C:\FOR_DEV\MavenLocalRepozitory\org\springframework\boot\spring-boot-starter-tomcat\2.2.1.RELEASE\spring-boot-starter-tomcat-2.2.1.RELEASE.jar;C:\FOR_DEV\MavenLocalRepozitory\org\apache\tomcat\embed\tomcat-embed-core\9.0.27\tomcat-embed-core-9.0.27.jar;C:\FOR_DEV\MavenLocalRepozitory\org\apache\tomcat\embed\tomcat-embed-el\9.0.27\tomcat-embed-el-9.0.27.jar;C:\FOR_DEV\MavenLocalRepozitory\org\apache\tomcat\embed\tomcat-embed-websocket\9.0.27\tomcat-embed-websocket-9.0.27.jar;C:\FOR_DEV\MavenLocalRepozitory\org\springframework\boot\spring-boot-starter-validation\2.2.1.RELEASE\spring-boot-starter-validation-2.2.1.RELEASE.jar;C:\FOR_DEV\MavenLocalRepozitory\jakarta\validation\jakarta.validation-api\2.0.1\jakarta.validation-api-2.0.1.jar;C:\FOR_DEV\MavenLocalRepozitory\org\hibernate\validator\hibernate-validator\6.0.18.Final\hibernate-validator-6.0.18.Final.jar;C:\FOR_DEV\MavenLocalRepozitory\org\springframework\spring-webmvc\5.2.1.RELEASE\spring-webmvc-5.2.1.RELEASE.jar;C:\FOR_DEV\MavenLocalRepozitory\org\springframework\boot\spring-boot-starter-data-jpa\2.2.1.RELEASE\spring-boot-starter-data-jpa-2.2.1.RELEASE.jar;C:\FOR_DEV\MavenLocalRepozitory\org\springframework\boot\spring-boot-starter-aop\2.2.1.RELEASE\spring-boot-starter-aop-2.2.1.RELEASE.jar;C:\FOR_DEV\MavenLocalRepozitory\org\aspectj\aspectjweaver\1.9.4\aspectjweaver-1.9.4.jar;C:\FOR_DEV\MavenLocalRepozitory\org\springframework\boot\spring-boot-starter-jdbc\2.2.1.RELEASE\spring-boot-starter-jdbc-2.2.1.RELEASE.jar;C:\FOR_DEV\MavenLocalRepozitory\com\zaxxer\HikariCP\3.4.1\HikariCP-3.4.1.jar;C:\FOR_DEV\MavenLocalRepozitory\org\springframework\spring-jdbc\5.2.1.RELEASE\spring-jdbc-5.2.1.RELEASE.jar;C:\FOR_DEV\MavenLocalRepozitory\jakarta\activation\jakarta.activation-api\1.2.1\jakarta.activation-api-1.2.1.jar;C:\FOR_DEV\MavenLocalRepozitory\jakarta\persistence\jakarta.persistence-api\2.2.3\jakarta.persistence-api-2.2.3.jar;C:\FOR_DEV\MavenLocalRepozitory\jakarta\transaction\jakarta.transaction-api\1.3.3\jakarta.transaction-api-1.3.3.jar;C:\FOR_DEV\MavenLocalRepozitory\org\hibernate\hibernate-core\5.4.8.Final\hibernate-core-5.4.8.Final.jar;C:\FOR_DEV\MavenLocalRepozitory\org\jboss\logging\jboss-logging\3.4.1.Final\jboss-logging-3.4.1.Final.jar;C:\FOR_DEV\MavenLocalRepozitory\org\javassist\javassist\3.24.0-GA\javassist-3.24.0-GA.jar;C:\FOR_DEV\MavenLocalRepozitory\net\bytebuddy\byte-buddy\1.10.2\byte-buddy-1.10.2.jar;C:\FOR_DEV\MavenLocalRepozitory\antlr\antlr\2.7.7\antlr-2.7.7.jar;C:\FOR_DEV\MavenLocalRepozitory\org\jboss\jandex\2.0.5.Final\jandex-2.0.5.Final.jar;C:\FOR_DEV\MavenLocalRepozitory\com\fasterxml\classmate\1.5.1\classmate-1.5.1.jar;C:\FOR_DEV\MavenLocalRepozitory\org\dom4j\dom4j\2.1.1\dom4j-2.1.1.jar;C:\FOR_DEV\MavenLocalRepozitory\org\hibernate\common\hibernate-commons-annotations\5.1.0.Final\hibernate-commons-annotations-5.1.0.Final.jar;C:\FOR_DEV\MavenLocalRepozitory\org\glassfish\jaxb\jaxb-runtime\2.3.2\jaxb-runtime-2.3.2.jar;C:\FOR_DEV\MavenLocalRepozitory\org\glassfish\jaxb\txw2\2.3.2\txw2-2.3.2.jar;C:\FOR_DEV\MavenLocalRepozitory\com\sun\istack\istack-commons-runtime\3.0.8\istack-commons-runtime-3.0.8.jar;C:\FOR_DEV\MavenLocalRepozitory\org\jvnet\staxex\stax-ex\1.8.1\stax-ex-1.8.1.jar;C:\FOR_DEV\MavenLocalRepozitory\com\sun\xml\fastinfoset\FastInfoset\1.2.16\FastInfoset-1.2.16.jar;C:\FOR_DEV\MavenLocalRepozitory\org\springframework\data\spring-data-jpa\2.2.1.RELEASE\spring-data-jpa-2.2.1.RELEASE.jar;C:\FOR_DEV\MavenLocalRepozitory\org\springframework\data\spring-data-commons\2.2.1.RELEASE\spring-data-commons-2.2.1.RELEASE.jar;C:\FOR_DEV\MavenLocalRepozitory\org\springframework\spring-orm\5.2.1.RELEASE\spring-orm-5.2.1.RELEASE.jar;C:\FOR_DEV\MavenLocalRepozitory\org\springframework\spring-aspects\5.2.1.RELEASE\spring-aspects-5.2.1.RELEASE.jar;C:\FOR_DEV\MavenLocalRepozitory\org\springframework\security\spring-security-web\5.2.1.RELEASE\spring-security-web-5.2.1.RELEASE.jar;C:\FOR_DEV\MavenLocalRepozitory\org\springframework\security\spring-security-core\5.2.1.RELEASE\spring-security-core-5.2.1.RELEASE.jar;C:\FOR_DEV\MavenLocalRepozitory\org\springframework\spring-beans\5.2.1.RELEASE\spring-beans-5.2.1.RELEASE.jar;C:\FOR_DEV\MavenLocalRepozitory\org\springframework\spring-context\5.2.1.RELEASE\spring-context-5.2.1.RELEASE.jar;C:\FOR_DEV\MavenLocalRepozitory\org\springframework\spring-core\5.2.1.RELEASE\spring-core-5.2.1.RELEASE.jar;C:\FOR_DEV\MavenLocalRepozitory\org\springframework\spring-jcl\5.2.1.RELEASE\spring-jcl-5.2.1.RELEASE.jar;C:\FOR_DEV\MavenLocalRepozitory\org\springframework\spring-expression\5.2.1.RELEASE\spring-expression-5.2.1.RELEASE.jar;C:\FOR_DEV\MavenLocalRepozitory\org\thymeleaf\extras\thymeleaf-extras-springsecurity5\3.0.4.RELEASE\thymeleaf-extras-springsecurity5-3.0.4.RELEASE.jar;C:\FOR_DEV\MavenLocalRepozitory\org\slf4j\slf4j-api\1.7.29\slf4j-api-1.7.29.jar;C:\FOR_DEV\MavenLocalRepozitory\com\h2database\h2\1.4.200\h2-1.4.200.jar;C:\FOR_DEV\MavenLocalRepozitory\org\springframework\boot\spring-boot-starter-test\2.2.1.RELEASE\spring-boot-starter-test-2.2.1.RELEASE.jar;C:\FOR_DEV\MavenLocalRepozitory\org\springframework\boot\spring-boot-test\2.2.1.RELEASE\spring-boot-test-2.2.1.RELEASE.jar;C:\FOR_DEV\MavenLocalRepozitory\org\springframework\boot\spring-boot-test-autoconfigure\2.2.1.RELEASE\spring-boot-test-autoconfigure-2.2.1.RELEASE.jar;C:\FOR_DEV\MavenLocalRepozitory\com\jayway\jsonpath\json-path\2.4.0\json-path-2.4.0.jar;C:\FOR_DEV\MavenLocalRepozitory\net\minidev\json-smart\2.3\json-smart-2.3.jar;C:\FOR_DEV\MavenLocalRepozitory\net\minidev\accessors-smart\1.2\accessors-smart-1.2.jar;C:\FOR_DEV\MavenLocalRepozitory\org\ow2\asm\asm\5.0.4\asm-5.0.4.jar;C:\FOR_DEV\MavenLocalRepozitory\jakarta\xml\bind\jakarta.xml.bind-api\2.3.2\jakarta.xml.bind-api-2.3.2.jar;C:\FOR_DEV\MavenLocalRepozitory\org\junit\jupiter\junit-jupiter\5.5.2\junit-jupiter-5.5.2.jar;C:\FOR_DEV\MavenLocalRepozitory\org\junit\jupiter\junit-jupiter-params\5.5.2\junit-jupiter-params-5.5.2.jar;C:\FOR_DEV\MavenLocalRepozitory\org\mockito\mockito-junit-jupiter\3.1.0\mockito-junit-jupiter-3.1.0.jar;C:\FOR_DEV\MavenLocalRepozitory\org\assertj\assertj-core\3.13.2\assertj-core-3.13.2.jar;C:\FOR_DEV\MavenLocalRepozitory\org\hamcrest\hamcrest\2.1\hamcrest-2.1.jar;C:\FOR_DEV\MavenLocalRepozitory\org\mockito\mockito-core\3.1.0\mockito-core-3.1.0.jar;C:\FOR_DEV\MavenLocalRepozitory\net\bytebuddy\byte-buddy-agent\1.10.2\byte-buddy-agent-1.10.2.jar;C:\FOR_DEV\MavenLocalRepozitory\org\objenesis\objenesis\2.6\objenesis-2.6.jar;C:\FOR_DEV\MavenLocalRepozitory\org\skyscreamer\jsonassert\1.5.0\jsonassert-1.5.0.jar;C:\FOR_DEV\MavenLocalRepozitory\com\vaadin\external\google\android-json\0.0.20131108.vaadin1\android-json-0.0.20131108.vaadin1.jar;C:\FOR_DEV\MavenLocalRepozitory\org\springframework\spring-test\5.2.1.RELEASE\spring-test-5.2.1.RELEASE.jar;C:\FOR_DEV\MavenLocalRepozitory\org\xmlunit\xmlunit-core\2.6.3\xmlunit-core-2.6.3.jar;C:\FOR_DEV\MavenLocalRepozitory\org\junit\jupiter\junit-jupiter-engine\5.5.2\junit-jupiter-engine-5.5.2.jar;C:\FOR_DEV\MavenLocalRepozitory\org\apiguardian\apiguardian-api\1.1.0\apiguardian-api-1.1.0.jar;C:\FOR_DEV\MavenLocalRepozitory\org\junit\platform\junit-platform-engine\1.5.2\junit-platform-engine-1.5.2.jar;C:\FOR_DEV\MavenLocalRepozitory\org\opentest4j\opentest4j\1.2.0\opentest4j-1.2.0.jar;C:\FOR_DEV\MavenLocalRepozitory\org\junit\platform\junit-platform-commons\1.5.2\junit-platform-commons-1.5.2.jar;C:\FOR_DEV\MavenLocalRepozitory\org\junit\jupiter\junit-jupiter-api\5.5.2\junit-jupiter-api-5.5.2.jar;C:\FOR_DEV\MavenLocalRepozitory\org\liquibase\liquibase-core\3.8.0\liquibase-core-3.8.0.jar;C:\FOR_DEV\MavenLocalRepozitory\org\yaml\snakeyaml\1.25\snakeyaml-1.25.jar;C:\FOR_DEV\MavenLocalRepozitory\org\springframework\security\spring-security-test\5.2.1.RELEASE\spring-security-test-5.2.1.RELEASE.jar;"/>
    <property name="sun.cpu.endian" value="little"/>
    <property name="user.home" value="C:\Users\Lenovo"/>
    <property name="user.language" value="ru"/>
    <property name="java.specification.vendor" value="Oracle Corporation"/>
    <property name="java.home" value="C:\Program Files\Java\jdk1.8.0_191\jre"/>
    <property name="basedir" value="C:\workspace\2019-08-otus-spring-akozlovskiy\docker_test\library"/>
    <property name="file.separator" value="\"/>
    <property name="line.separator" value="&#10;"/>
    <property name="java.vm.specification.vendor" value="Oracle Corporation"/>
    <property name="java.specification.name" value="Java Platform API Specification"/>
    <property name="java.awt.graphicsenv" value="sun.awt.Win32GraphicsEnvironment"/>
    <property name="surefire.real.class.path" value="C:\Users\Lenovo\AppData\Local\Temp\surefire3129999901448569768\surefirebooter7561481731833909528.jar"/>
    <property name="sun.boot.class.path" value="C:\Program Files\Java\jdk1.8.0_191\jre\lib\resources.jar;C:\Program Files\Java\jdk1.8.0_191\jre\lib\rt.jar;C:\Program Files\Java\jdk1.8.0_191\jre\lib\sunrsasign.jar;C:\Program Files\Java\jdk1.8.0_191\jre\lib\jsse.jar;C:\Program Files\Java\jdk1.8.0_191\jre\lib\jce.jar;C:\Program Files\Java\jdk1.8.0_191\jre\lib\charsets.jar;C:\Program Files\Java\jdk1.8.0_191\jre\lib\jfr.jar;C:\Program Files\Java\jdk1.8.0_191\jre\classes"/>
    <property name="user.script" value=""/>
    <property name="sun.management.compiler" value="HotSpot 64-Bit Tiered Compilers"/>
    <property name="java.runtime.version" value="1.8.0_191-b12"/>
    <property name="user.name" value="Lenovo"/>
    <property name="path.separator" value=";"/>
    <property name="os.version" value="10.0"/>
    <property name="java.endorsed.dirs" value="C:\Program Files\Java\jdk1.8.0_191\jre\lib\endorsed"/>
    <property name="java.runtime.name" value="Java(TM) SE Runtime Environment"/>
    <property name="file.encoding" value="Cp1251"/>
    <property name="java.vm.name" value="Java HotSpot(TM) 64-Bit Server VM"/>
    <property name="localRepository" value="C:\FOR_DEV\MavenLocalRepozitory"/>
    <property name="java.vendor.url.bug" value="http://bugreport.sun.com/bugreport/"/>
    <property name="java.io.tmpdir" value="C:\Users\Lenovo\AppData\Local\Temp\"/>
    <property name="java.version" value="1.8.0_191"/>
    <property name="user.dir" value="C:\workspace\2019-08-otus-spring-akozlovskiy\docker_test\library"/>
    <property name="os.arch" value="amd64"/>
    <property name="java.vm.specification.name" value="Java Virtual Machine Specification"/>
    <property name="java.awt.printerjob" value="sun.awt.windows.WPrinterJob"/>
    <property name="sun.os.patch.level" value=""/>
    <property name="java.library.path" value="C:\Program Files\Java\jdk1.8.0_191\jre\bin;C:\WINDOWS\Sun\Java\bin;C:\WINDOWS\system32;C:\WINDOWS;C:\Program Files (x86)\Common Files\Oracle\Java\javapath;C:\WINDOWS\system32;C:\WINDOWS;C:\WINDOWS\System32\Wbem;C:\WINDOWS\System32\WindowsPowerShell\v1.0\;C:\WINDOWS\System32\OpenSSH\;C:\Program Files\Git\cmd;C:\Program Files\TortoiseGit\bin;C:\FOR_DEV\apache-maven-3.6.2\Bin;C:\Program Files\PuTTY\;C:\Program Files\Docker\Docker\resources\bin;C:\ProgramData\DockerDesktop\version-bin;C:\Users\Lenovo\AppData\Local\Microsoft\WindowsApps;;."/>
    <property name="java.vm.info" value="mixed mode"/>
    <property name="java.vendor" value="Oracle Corporation"/>
    <property name="java.vm.version" value="25.191-b12"/>
    <property name="java.ext.dirs" value="C:\Program Files\Java\jdk1.8.0_191\jre\lib\ext;C:\WINDOWS\Sun\Java\lib\ext"/>
    <property name="sun.io.unicode.encoding" value="UnicodeLittle"/>
    <property name="java.class.version" value="52.0"/>
  </properties>
  <testcase name="testUpdateAuthor" classname="ru.akozlovskiy.library.controller.AuthorControllerTest" time="0.28"/>
  <testcase name="testAddAuthor" classname="ru.akozlovskiy.library.controller.AuthorControllerTest" time="0.087"/>
  <testcase name="testShowUpdateAuthorPage" classname="ru.akozlovskiy.library.controller.AuthorControllerTest" time="0.393"/>
</testsuite>